<?xml version="1.0" encoding="UTF-8"?>
<!-- Generated by org.testng.reporters.JUnitReportReporter -->
<testsuite hostname="DESKTOP-JE9AC2C" failures="0" tests="1" name="com.qa.orangehrm.testcases.Time" time="7.662" errors="0" timestamp="2024-07-11T09:15:16 PDT" skipped="0">
  <testcase classname="com.qa.orangehrm.testcases.Time" name="t" time="7.662"/>
  <system-out/>
</testsuite> <!-- com.qa.orangehrm.testcases.Time -->
