<?xml version="1.0" encoding="UTF-8"?>
<!-- Generated by org.testng.reporters.JUnitReportReporter -->
<testsuite hostname="DESKTOP-JE9AC2C" failures="0" tests="1" name="com.qa.orangehrm.testcases.Leave" time="3.791" errors="0" timestamp="2024-07-11T09:11:47 PDT" skipped="0">
  <testcase classname="com.qa.orangehrm.testcases.Leave" name="leapp" time="3.791"/>
  <system-out/>
</testsuite> <!-- com.qa.orangehrm.testcases.Leave -->
