<?xml version="1.0" encoding="UTF-8"?>
<!-- Generated by org.testng.reporters.JUnitReportReporter -->
<testsuite hostname="DESKTOP-JE9AC2C" failures="0" tests="4" name="com.qa.orangehrm.testcases.Buzz" time="6.087" errors="0" timestamp="2024-07-10T05:23:55 PDT" skipped="0">
  <testcase classname="com.qa.orangehrm.testcases.Buzz" name="loginTest" time="2.808"/>
  <system-out/>
  <testcase classname="com.qa.orangehrm.testcases.Buzz" name="postcon" time="2.478"/>
  <system-out/>
  <testcase classname="com.qa.orangehrm.testcases.Buzz" name="mostcom" time="0.384"/>
  <system-out/>
  <testcase classname="com.qa.orangehrm.testcases.Buzz" name="mostliked" time="0.417"/>
  <system-out/>
</testsuite> <!-- com.qa.orangehrm.testcases.Buzz -->
