<?xml version="1.0" encoding="UTF-8"?>
<!-- Generated by org.testng.reporters.JUnitReportReporter -->
<testsuite hostname="DESKTOP-JE9AC2C" failures="0" tests="3" name="com.qa.orangehrm.testcases.LoginLogout" time="7.021" errors="0" timestamp="2024-07-08T06:34:16 PDT" skipped="0">
  <testcase classname="com.qa.orangehrm.testcases.LoginLogout" name="loginTest" time="2.944"/>
  <system-out/>
  <testcase classname="com.qa.orangehrm.testcases.LoginLogout" name="logouttestcase" time="2.104"/>
  <system-out/>
  <testcase classname="com.qa.orangehrm.testcases.LoginLogout" name="userlower" time="1.973"/>
  <system-out/>
</testsuite> <!-- com.qa.orangehrm.testcases.LoginLogout -->
