<?xml version="1.0" encoding="UTF-8"?>
<!-- Generated by org.testng.reporters.JUnitReportReporter -->
<testsuite hostname="DESKTOP-JE9AC2C" failures="0" tests="1" name="com.qa.orangehrm.testcases.Vacancy" time="6.223" errors="0" timestamp="2024-07-11T09:15:54 PDT" skipped="0">
  <testcase classname="com.qa.orangehrm.testcases.Vacancy" name="vaca" time="6.223"/>
  <system-out/>
</testsuite> <!-- com.qa.orangehrm.testcases.Vacancy -->
