<?xml version="1.0" encoding="UTF-8"?>
<!-- Generated by org.testng.reporters.JUnitReportReporter -->
<testsuite hostname="DESKTOP-JE9AC2C" failures="0" tests="3" name="com.qa.orangehrm.testcases.PunchInOut" time="10.814" errors="0" timestamp="2024-07-11T09:42:47 PDT" skipped="0">
  <testcase classname="com.qa.orangehrm.testcases.PunchInOut" name="loginTest" time="2.368"/>
  <system-out/>
  <testcase classname="com.qa.orangehrm.testcases.PunchInOut" name="time" time="4.506"/>
  <system-out/>
  <testcase classname="com.qa.orangehrm.testcases.PunchInOut" name="tout" time="3.940"/>
  <system-out/>
</testsuite> <!-- com.qa.orangehrm.testcases.PunchInOut -->
