<?xml version="1.0" encoding="UTF-8"?>
<!-- Generated by org.testng.reporters.JUnitReportReporter -->
<testsuite hostname="DESKTOP-JE9AC2C" failures="0" tests="1" name="com.qa.orangehrm.testcases.ResetPassword" time="3.569" errors="0" timestamp="2024-07-08T06:34:51 PDT" skipped="0">
  <testcase classname="com.qa.orangehrm.testcases.ResetPassword" name="pass" time="3.569"/>
  <system-out/>
</testsuite> <!-- com.qa.orangehrm.testcases.ResetPassword -->
